<?xml version="1.0" encoding="UTF-8"?>
<testng-results skipped="0" failed="0" ignored="0" total="1" passed="1">
  <reporter-output>
  </reporter-output>
  <suite name="Default suite" duration-ms="40807" started-at="2019-04-20T13:37:53Z" finished-at="2019-04-20T13:38:33Z">
    <groups>
    </groups>
    <test name="Default test" duration-ms="40807" started-at="2019-04-20T13:37:53Z" finished-at="2019-04-20T13:38:33Z">
      <class name="TestCases.TC_001">
        <test-method status="PASS" signature="tc_001()[pri:0, instance:TestCases.TC_001@1593948d]" name="tc_001" duration-ms="40738" started-at="2019-04-20T13:37:53Z" finished-at="2019-04-20T13:38:33Z">
          <reporter-output>
          </reporter-output>
        </test-method> <!-- tc_001 -->
      </class> <!-- TestCases.TC_001 -->
    </test> <!-- Default test -->
  </suite> <!-- Default suite -->
</testng-results>
